<?xml version="1.0" encoding="UTF-8"?>
<testng-results total="2" passed="0" failed="0" skipped="2">
  <reporter-output>
  </reporter-output>
  <suite started-at="2021-08-26T03:26:35Z" name="Suite" finished-at="2021-08-26T03:26:35Z" duration-ms="17">
    <groups>
    </groups>
    <test started-at="2021-08-26T03:26:35Z" name="Test" finished-at="2021-08-26T03:26:35Z" duration-ms="17">
      <class name="Practice.DXCVicTest.PermitTypePageTest">
        <test-method is-config="true" signature="Initialize()[pri:0, instance:Practice.DXCVicTest.PermitTypePageTest@4b7dc788]" started-at="2021-08-26T13:26:35Z" name="Initialize" finished-at="2021-08-26T13:26:35Z" duration-ms="0" status="FAIL">
          <exception class="java.lang.NullPointerException">
            <message>
              <![CDATA[Cannot invoke "String.contains(java.lang.CharSequence)" because "browserName" is null]]>
            </message>
            <full-stacktrace>
              <![CDATA[java.lang.NullPointerException: Cannot invoke "String.contains(java.lang.CharSequence)" because "browserName" is null
	at resources.Base.InitializeDriver(Base.java:29)
	at Practice.DXCVicTest.PermitTypePageTest.Initialize(PermitTypePageTest.java:19)
	at java.base/jdk.internal.reflect.NativeMethodAccessorImpl.invoke0(Native Method)
	at java.base/jdk.internal.reflect.NativeMethodAccessorImpl.invoke(NativeMethodAccessorImpl.java:64)
	at java.base/jdk.internal.reflect.DelegatingMethodAccessorImpl.invoke(DelegatingMethodAccessorImpl.java:43)
	at java.base/java.lang.reflect.Method.invoke(Method.java:564)
	at org.testng.internal.MethodInvocationHelper.invokeMethod(MethodInvocationHelper.java:80)
	at org.testng.internal.Invoker.invokeConfigurationMethod(Invoker.java:564)
	at org.testng.internal.Invoker.invokeConfigurations(Invoker.java:213)
	at org.testng.internal.Invoker.invokeConfigurations(Invoker.java:138)
	at org.testng.TestRunner.beforeRun(TestRunner.java:641)
	at org.testng.TestRunner.run(TestRunner.java:609)
	at org.testng.SuiteRunner.runTest(SuiteRunner.java:334)
	at org.testng.SuiteRunner.runSequentially(SuiteRunner.java:329)
	at org.testng.SuiteRunner.privateRun(SuiteRunner.java:291)
	at org.testng.SuiteRunner.run(SuiteRunner.java:240)
	at org.testng.SuiteRunnerWorker.runSuite(SuiteRunnerWorker.java:52)
	at org.testng.SuiteRunnerWorker.run(SuiteRunnerWorker.java:86)
	at org.testng.TestNG.runSuitesSequentially(TestNG.java:1198)
	at org.testng.TestNG.runSuitesLocally(TestNG.java:1123)
	at org.testng.TestNG.run(TestNG.java:1031)
	at org.apache.maven.surefire.testng.TestNGExecutor.run(TestNGExecutor.java:284)
	at org.apache.maven.surefire.testng.TestNGXmlTestSuite.execute(TestNGXmlTestSuite.java:75)
	at org.apache.maven.surefire.testng.TestNGProvider.invoke(TestNGProvider.java:119)
	at org.apache.maven.surefire.booter.ForkedBooter.runSuitesInProcess(ForkedBooter.java:428)
	at org.apache.maven.surefire.booter.ForkedBooter.execute(ForkedBooter.java:162)
	at org.apache.maven.surefire.booter.ForkedBooter.run(ForkedBooter.java:562)
	at org.apache.maven.surefire.booter.ForkedBooter.main(ForkedBooter.java:548)
]]>
            </full-stacktrace>
          </exception> <!-- java.lang.NullPointerException -->
          <reporter-output>
          </reporter-output>
        </test-method> <!-- Initialize -->
        <test-method signature="PermitTest()[pri:0, instance:Practice.DXCVicTest.PermitTypePageTest@4b7dc788]" started-at="2021-08-26T13:26:35Z" name="PermitTest" finished-at="2021-08-26T13:26:35Z" duration-ms="0" status="SKIP">
          <reporter-output>
          </reporter-output>
        </test-method> <!-- PermitTest -->
      </class> <!-- Practice.DXCVicTest.PermitTypePageTest -->
      <class name="Practice.DXCVicTest.CalculateFeePageTest">
        <test-method signature="CalculateFee()[pri:0, instance:Practice.DXCVicTest.CalculateFeePageTest@30bce90b]" started-at="2021-08-26T13:26:35Z" name="CalculateFee" finished-at="2021-08-26T13:26:35Z" duration-ms="1" status="SKIP">
          <reporter-output>
          </reporter-output>
        </test-method> <!-- CalculateFee -->
      </class> <!-- Practice.DXCVicTest.CalculateFeePageTest -->
    </test> <!-- Test -->
  </suite> <!-- Suite -->
</testng-results>
