<?xml version="1.0" encoding="UTF-8"?>
<testsuite xmlns:xsi="http://www.w3.org/2001/XMLSchema-instance" xsi:noNamespaceSchemaLocation="https://maven.apache.org/surefire/maven-surefire-plugin/xsd/surefire-test-report-3.0.xsd" version="3.0" name="TestSuite" time="0.886" tests="3" errors="0" skipped="2" failures="1">
  <properties>
[...]
</properties>
  <testcase name="Initialize" classname="Practice.DXCVicTest.PermitTypePageTest" time="0.636">
    <failure message="Cannot invoke &quot;String.contains(java.lang.CharSequence)&quot; because &quot;browserName&quot; is null" type="java.lang.NullPointerException"><![CDATA[java.lang.NullPointerException: Cannot invoke "String.contains(java.lang.CharSequence)" because "browserName" is null
	at Practice.DXCVicTest.PermitTypePageTest.Initialize(PermitTypePageTest.java:19)
]]></failure>
    <system-out><![CDATA[null
]]></system-out>
  </testcase>
  <testcase name="PermitTest" classname="Practice.DXCVicTest.PermitTypePageTest" time="0">
    <skipped/>
  </testcase>
  <testcase name="CalculateFee" classname="Practice.DXCVicTest.CalculateFeePageTest" time="0">
    <skipped/>
  </testcase>
</testsuite>